<?xml version="1.0" encoding="UTF-8"?>
<testsuite xmlns:xsi="http://www.w3.org/2001/XMLSchema-instance" xsi:noNamespaceSchemaLocation="https://maven.apache.org/surefire/maven-surefire-plugin/xsd/surefire-test-report-3.0.xsd" version="3.0" name="TresEnRayaTest" time="0.124" tests="10" errors="0" skipped="0" failures="0">
  <properties>
[...]
</properties>
  <testcase name="colocarPieza_PosicionOcupada_lanzaExcepcion" classname="TresEnRayaTest" time="0.053"/>
  <testcase name="siUltimoFueX_siguienteEsMas" classname="TresEnRayaTest" time="0.003"/>
  <testcase name="colocarPieza_YFueraDeRango_lanzaExcepcion" classname="TresEnRayaTest" time="0.002"/>
  <testcase name="colocarPieza_XFueraDeRango_lanzaExcepcion" classname="TresEnRayaTest" time="0.002"/>
  <testcase name="primerTurno_siNoHuboJugadas_esX" classname="TresEnRayaTest" time="0.001"/>
  <testcase name="sinVictoria_noHayGanador" classname="TresEnRayaTest" time="0.002"/>
  <testcase name="siUltimoFueMas_siguienteEsX" classname="TresEnRayaTest" time="0.002"/>
  <testcase name="diagonal_completa_ganaJugador" classname="TresEnRayaTest" time="0.003"/>
  <testcase name="lineaHorizontal_completa_ganaJugador" classname="TresEnRayaTest" time="0.001"/>
  <testcase name="lineaVertical_completa_ganaJugador" classname="TresEnRayaTest" time="0.001"/>
</testsuite>